Astrid,Becky,Berny,Blair,Boris,Edith,Jade,Kimi
Jade,Kimi
Conan,Cynthia,Elvis,Faye,Felippe,Flora,Gilda,Grant,Kayla
Astrid,Berny,Jade,Kimi
Livia
Nancy,Owen
Jade,Jane,Joan,Kimi,Klaus,Will
Herbert,Kerri
Conan,Cynthia,Elvis,Faye,Felippe,Flora,Gilda,Grant,Kayla
Astrid,Berny,Carmen,Clyde,Jade,Kimi
Karin,Rainer
Astrid,Jade,Kimi
Hubert,Lara,Lucy
Astrid,Berny,Jade,Kimi
Astrid,Berny,Buck,Carmen,Clyde,Ellen,Jade,Kimi
Lucy
Astrid,Berny,Carmen,Cheryl,Clyde,Derek,Jade,Kimi
Lucy
Michael,Molly
Alex,Anita,April,Astrid,Ben,Berny,Conan,Cynthia,Dennis,Doris,Faye,Grant,Jade,Kayla,Kimi
Astrid,Berny,Brad,Ella,Jade,Kimi
Astrid,Jade,Kimi
Astrid,Berny,Carmen,Cheryl,Clyde,Derek,Jade,Kimi
Astrid,Berny,Blair,Edith,Jade,Kimi
Michael
Hubert,Lara,Lucy
Hubert,Lara,Lucy
Astrid,Berny,Carmen,Clyde,Jade,Kimi
Anna,Anton,Conrad,Craig,Denise,Donna,Herbert,Hubert,Kane,Keene,Kelvin,Kerri,Lara,Lucy,Luna,Lynn,Maia
Michael
Conan,Cynthia,Elvis,Faye,Flora,Grace,Grant,Kayla,Toni
Astrid,Berny,Carmen,Clyde,Jade,Kimi
Astrid,Berny,Brad,Ella,Fritz,Greti,Jade,Kimi
Dora,Wolf
Dennis,Doris
Astrid,Berny,Carmen,Clyde,Jade,Kimi
Astrid,Becky,Berny,Blair,Boris,Edith,Jade,Kimi
Grant,Kayla
Jade,Jane,Joan,Kimi,Klaus,Will
Ivan,Jacob,Leanne,Livia
Astrid,Berny,Carmen,Cathy,Clyde,Doyle,Iris,Jade,John,Kimi
Ivan,Jacob,Leanne,Livia
Livia
Hubert,Lara,Lucy
Astrid,Berny,Buck,Carmen,Clyde,Ellen,Jade,Kimi
Gale,Galvin,Kate,Kay
Conan,Cynthia,Elvis,Faye,Felippe,Flora,Gilda,Grant,Kayla
Astrid,Berny,Jade,Kimi
Jade,Kimi
Abel,Agatha,Alex,Anita,Anna,Anton,Astrid,Berny,Conan,Conrad,Craig,Cynthia,Denise,Donna,Faye,Grant,Herbert,Hubert,Jade,Kane,Kayla,Keene,Kelvin,Kerri,Kimi,Lara,Lucy,Luna,Lynn,Maia
Aaron,Curt,Dagi,Dora
Astrid,Berny,Blair,Edith,Jade,Kimi
Jade,Kimi
Astrid,Berny,Carmen,Clyde,Jade,Kimi
Gale,Galvin,Kate,Kay
Conan,Cynthia,Faye,Grant,Kayla
Astrid,Berny,Buck,Carmen,Clyde,Ellen,Jade,Kimi
Owen
Lucy
Conan,Cynthia,Faye,Grant,Kayla
Hubert,Lara,Lucy
Grant,Kayla
Astrid,Berny,Buck,Carmen,Clyde,Ellen,Jade,Kimi
Herbert,Kerri
Owen
Astrid,Berny,Carmen,Clyde,Jade,Kimi
Nancy,Owen
Alex,Anita,Astrid,Berny,Conan,Cynthia,Faye,Grant,Jade,Kayla,Kimi
Astrid,Berny,Brad,Ella,Fritz,Greti,Jade,Kimi
Astrid,Berny,Carmen,Cheryl,Clyde,Derek,Jade,Kimi
Conan,Cynthia,Elvis,Faye,Flora,Grace,Grant,Kayla,Toni
Ivan,Jacob,Leanne,Livia
Dora,Wolf
Jade,Jane,Kimi,Will
Curt,Dora
Ivan,Jacob,Leanne,Livia
Astrid,Berny,Carmen,Cheryl,Clyde,Derek,Jade,Kimi
Alex,Anita,April,Astrid,Ben,Berny,Conan,Cynthia,Dennis,Doris,Faye,Grant,Jade,Kayla,Kimi
Owen
Astrid,Becky,Berny,Blair,Boris,Edith,Jade,Kimi
Conan,Cynthia,Elvis,Faye,Flora,Grant,Kayla
Astrid,Berny,Carmen,Cheryl,Clyde,Derek,Jade,Kimi
Conan,Cynthia,Elvis,Faye,Felippe,Flora,Gilda,Grant,Kayla
Elton,Eva
Herbert,Kerri
Hubert,Lara,Lucy
Conan,Cynthia,Elvis,Faye,Flora,Grant,Kayla
Conan,Cynthia,Elvis,Faye,Felippe,Flora,Gilda,Grant,Kayla
Abel,Agatha,Alex,Anita,Anna,Anton,Astrid,Berny,Conan,Conrad,Craig,Cynthia,Denise,Donna,Faye,Grant,Herbert,Hubert,Jade,Kane,Kayla,Keene,Kelvin,Kerri,Kimi,Lara,Lucy,Luna,Lynn,Maia
Galvin,Kate
Alex,Anita,Astrid,Berny,Conan,Cynthia,Faye,Grant,Jade,Kayla,Kimi
Jade,Jane,Kimi,Will
Owen
Ivan,Jacob,Leanne,Livia
Alex,Anita,Astrid,Berny,Conan,Cynthia,Faye,Grant,Jade,Kayla,Kimi
Herbert,Kerri
Astrid,Berny,Carmen,Cheryl,Clyde,Derek,Jade,Kimi
Aaron,Curt,Dagi,Dora
Astrid,Berny,Carmen,Cathy,Clyde,Doyle,Iris,Jade,John,Kimi
Owen
Alex,Anita,April,Astrid,Ben,Berny,Conan,Cynthia,Dennis,Doris,Faye,Grant,Jade,Kayla,Kimi
Astrid,Berny,Carmen,Cheryl,Clyde,Derek,Jade,Kimi
Herbert,Kerri
Astrid,Berny,Blair,Edith,Jade,Kimi
Alex,Anita,April,Astrid,Ben,Berny,Conan,Cynthia,Dennis,Doris,Faye,Grant,Jade,Kayla,Kimi
Hanna,Jack
Conan,Cynthia,Faye,Grant,Kayla
Anna,Anton,Conrad,Craig,Denise,Donna,Herbert,Hubert,Kane,Keene,Kelvin,Kerri,Lara,Lucy,Luna,Lynn,Maia
Jacob,Leanne
Astrid,Berny,Carmen,Cathy,Clyde,Doyle,Iris,Jade,John,Kimi
Hubert,Lara,Lucy
Livia
Galvin,Kate
Dora,Wolf
Grant,Kayla
Elton,Eva
Alex,Anita,April,Astrid,Ben,Berny,Conan,Cynthia,Dennis,Doris,Faye,Grant,Jade,Kayla,Kimi
Owen
Jade,Kimi
Keith,Maggie
Anton,Craig,Donna,Herbert,Hubert,Kerri,Lara,Lucy
Astrid,Berny,Brad,Ella,Fritz,Greti,Jade,Kimi
Charly,June,Karin,Rainer
Hubert,Lara,Lucy
Alex,Anita,April,Astrid,Berny,Conan,Cynthia,Faye,Grant,Jade,Kayla,Kimi
Astrid,Berny,Carmen,Cheryl,Clyde,Derek,Jade,Kimi
Faye
Charly,June,Karin,Rainer
Astrid,Berny,Carmen,Clyde,Jade,Kimi
Craig,Donna,Herbert,Hubert,Kerri,Lara,Lucy
Astrid,Berny,Carmen,Clyde,Jade,Kimi
Graham,Grant,Kayla,Kendra
Anna,Anton,Conrad,Craig,Denise,Donna,Herbert,Hubert,Kane,Keene,Kelvin,Kerri,Lara,Lucy,Luna,Lynn,Maia
Kane,Keene,Kelvin,Luna,Lynn,Maia
Astrid,Berny,Carmen,Clyde,Jade,Kimi
Conan,Cynthia,Elvis,Faye,Felippe,Flora,Gilda,Grant,Kayla
Curt,Dora
Herbert,Kerri
Astrid,Berny,Carmen,Cathy,Clyde,Doyle,Jade,Kimi
Charly,June,Karin,Rainer
Herbert,Kerri
Conan,Cynthia,Elvis,Faye,Flora,Grant,Kayla
Elton,Eva
Charly,June,Karin,Rainer
Graham,Grant,Kayla,Kendra
Curt,Dora
Jade,Kimi
Jade,Kimi
Aaron,Curt,Dagi,Dora
Karin,Rainer
Astrid,Berny,Brad,Ella,Jade,Kimi
Kane,Keene,Kelvin,Luna,Lynn,Maia
Alex,Anita,April,Astrid,Berny,Conan,Cynthia,Faye,Grant,Jade,Kayla,Kimi
Astrid,Berny,Jade,Kimi
Ivan,Jacob,Leanne,Livia
Astrid,Berny,Brad,Ella,Jade,Kimi
Grant,Kayla
Galvin,Kate
Jade,Kimi
Jade,Jane,Joan,Kimi,Klaus,Will
Craig,Donna,Herbert,Hubert,Kerri,Lara,Lucy
Hubert,Lara,Lucy
Grant,Kayla
Astrid,Berny,Blair,Edith,Jade,Kimi
Lucy
Michael,Molly
Owen
Conan,Cynthia,Faye,Grant,Kayla
Ivan,Jacob,Leanne,Livia
Herbert,Kerri
Alex,Anita,April,Astrid,Ben,Berny,Conan,Cynthia,Dennis,Doris,Faye,Grant,Jade,Kayla,Kimi
Astrid,Berny,Jade,Kimi
Hanna,Jack
Nancy,Owen
Astrid,Berny,Buck,Carmen,Clyde,Ellen,Jade,Kimi
Hubert,Lara,Lucy
Lucy
Graham,Grant,Kayla,Kendra
Astrid,Berny,Carmen,Clyde,Jade,Kimi
Astrid,Berny,Buck,Carmen,Clyde,Ellen,Jade,Kimi
Jade,Kimi
Hanna,Jack
Conan,Cynthia,Faye,Grant,Kayla
Galvin,Kate
Conan,Cynthia,Elvis,Faye,Felippe,Flora,Gilda,Grant,Kayla
Graham,Grant,Kayla,Kendra
Astrid,Berny,Blair,Edith,Jade,Kimi
Conan,Cynthia,Elvis,Faye,Felippe,Flora,Gilda,Grant,Kayla
Astrid,Berny,Jade,Kimi
Astrid,Berny,Jade,Kimi
Faye
Herbert,Kerri
Jade,Kimi
Astrid,Berny,Carmen,Cheryl,Clyde,Derek,Jade,Kimi
Grant,Kayla
Astrid,Berny,Jade,Kimi
Dennis,Doris
Kelvin,Maia
Conan,Cynthia,Faye,Grant,Kayla
Charly,June,Karin,Rainer
Herbert,Kerri
Astrid,Becky,Berny,Blair,Boris,Edith,Jade,Kimi
Astrid,Berny,Carmen,Cheryl,Clyde,Derek,Jade,Kimi
Conrad,Denise,Kane,Keene,Kelvin,Luna,Lynn,Maia
Charly,June,Karin,Rainer
Astrid,Jade,Kimi
Dennis,Doris
Astrid,Becky,Berny,Blair,Boris,Edith,Jade,Kimi
Astrid,Berny,Buck,Carmen,Clyde,Ellen,Jade,Kimi
Craig,Donna,Herbert,Hubert,Kerri,Lara,Lucy
Jade,Kimi
Astrid,Berny,Carmen,Clyde,Jade,Kimi
Astrid,Berny,Jade,Kimi
Conan,Cynthia,Elvis,Faye,Felippe,Flora,Gilda,Grant,Kayla
Michael,Molly
Karin,Rainer
Elton,Eva
Grant,Kayla
Charly,June,Karin,Rainer
Alex,Anita,Astrid,Berny,Conan,Cynthia,Faye,Grant,Jade,Kayla,Kimi
Kelvin,Maia
Astrid,Berny,Carmen,Cheryl,Clyde,Derek,Jade,Kimi
Ivan,Jacob,Leanne,Livia
Livia
Hubert,Lara,Lucy
Alex,Anita,April,Astrid,Ben,Berny,Conan,Cynthia,Dennis,Doris,Faye,Grant,Jade,Kayla,Kimi
Galvin,Kate
Hubert,Lara,Lucy
Alex,Anita,Astrid,Berny,Conan,Cynthia,Faye,Grant,Jade,Kayla,Kimi
Hubert,Lara,Lucy
Astrid,Berny,Blair,Edith,Jade,Kimi
Alex,Anita,Astrid,Berny,Conan,Cynthia,Faye,Grant,Jade,Kayla,Kimi
Astrid,Berny,Carmen,Clyde,Jade,Kimi
Graham,Grant,Kayla,Kendra
Graham,Grant,Kayla,Kendra
Herbert,Kerri
Alex,Anita,April,Astrid,Berny,Conan,Cynthia,Faye,Grant,Jade,Kayla,Kimi
Astrid,Berny,Buck,Carmen,Clyde,Ellen,Jade,Kimi
Astrid,Berny,Blair,Edith,Jade,Kimi
Ivan,Jacob,Leanne,Livia
Jade,Kimi
Anton,Craig,Donna,Herbert,Hubert,Kerri,Lara,Lucy
Alex,Anita,April,Astrid,Ben,Berny,Conan,Cynthia,Dennis,Doris,Faye,Grant,Jade,Kayla,Kimi
Conrad,Denise,Kane,Keene,Kelvin,Luna,Lynn,Maia
Alex,Anita,April,Astrid,Ben,Berny,Conan,Cynthia,Dennis,Doris,Faye,Grant,Jade,Kayla,Kimi
Dennis,Doris
Michael,Molly
Astrid,Berny,Carmen,Cathy,Clyde,Doyle,Iris,Jade,John,Kimi
NONE
Charly,June,Karin,Rainer
NONE
NONE
Galvin,Kate
NONE
Conan,Cynthia,Elvis,Faye,Felippe,Flora,Gilda,Grant,Kayla
NONE
NONE
Kane,Keene,Kelvin,Luna,Lynn,Maia
Craig,Donna,Herbert,Hubert,Kerri,Lara,Lucy
Grant,Kayla
NONE
Jacob,Leanne
Karin,Rainer
NONE
Isaac,Lacey
Jade,Jane,Joan,Kimi,Klaus,Will
NONE
Astrid,Berny,Jade,Kimi
Conan,Cynthia,Elvis,Faye,Felippe,Flora,Gilda,Grant,Kayla
NONE
NONE
Astrid,Berny,Carmen,Cheryl,Clyde,Derek,Jade,Kimi
Grant,Kayla
Hubert,Lara,Lucy
NONE
NONE
NONE
Hubert,Lara,Lucy
Anton,Craig,Donna,Herbert,Hubert,Kerri,Lara,Lucy
Astrid,Berny,Carmen,Clyde,Jade,Kimi
NONE
Jacob,Leanne
Astrid,Berny,Carmen,Clyde,Jade,Kimi
Dennis,Doris
NONE
Astrid,Berny,Jade,Kimi
NONE
Kelvin,Maia
NONE
Jacob,Leanne
Astrid,Berny,Brad,Ella,Jade,Kimi
NONE
NONE
NONE
Elton,Eva
Astrid,Berny,Jade,Kimi
Lucy
NONE
Conan,Cynthia,Elvis,Faye,Flora,Grant,Kayla
NONE
Kane,Keene,Kelvin,Luna,Lynn,Maia
NONE
Astrid,Berny,Buck,Carmen,Clyde,Ellen,Jade,Kimi
Alex,Anita,April,Astrid,Ben,Berny,Conan,Cynthia,Dennis,Doris,Faye,Grant,Jade,Kayla,Kimi
Hubert,Lara,Lucy
NONE
Nancy,Owen
